\BOOKMARK [1][-]{section.1}{\376\377\000I\000n\000t\000r\000o\000d\000u\000c\000t\000i\000o\000n}{}% 1
\BOOKMARK [1][-]{section.2}{\376\377\000R\000e\000l\000a\000t\000e\000d\000\040\000W\000o\000r\000k}{}% 2
\BOOKMARK [2][-]{subsection.2.1}{\376\377\000M\000o\000m\000e\000n\000t\000u\000m\000\040\000i\000n\000\040\000T\000r\000a\000d\000i\000t\000i\000o\000n\000a\000l\000\040\000A\000s\000s\000e\000t\000s}{section.2}% 3
\BOOKMARK [2][-]{subsection.2.2}{\376\377\000M\000o\000m\000e\000n\000t\000u\000m\000\040\000i\000n\000\040\000C\000r\000y\000p\000t\000o\000c\000u\000r\000r\000e\000n\000c\000i\000e\000s}{section.2}% 4
\BOOKMARK [2][-]{subsection.2.3}{\376\377\000R\000e\000g\000i\000m\000e\000\040\000D\000e\000t\000e\000c\000t\000i\000o\000n}{section.2}% 5
\BOOKMARK [2][-]{subsection.2.4}{\376\377\000D\000e\000r\000i\000v\000a\000t\000i\000v\000e\000s\000\040\000M\000a\000r\000k\000e\000t\000\040\000M\000i\000c\000r\000o\000s\000t\000r\000u\000c\000t\000u\000r\000e}{section.2}% 6
\BOOKMARK [1][-]{section.3}{\376\377\000D\000a\000t\000a\000\040\000a\000n\000d\000\040\000M\000e\000t\000h\000o\000d\000o\000l\000o\000g\000y}{}% 7
\BOOKMARK [2][-]{subsection.3.1}{\376\377\000U\000n\000i\000v\000e\000r\000s\000e\000\040\000a\000n\000d\000\040\000D\000a\000t\000a\000\040\000S\000o\000u\000r\000c\000e\000s}{section.3}% 8
\BOOKMARK [2][-]{subsection.3.2}{\376\377\000L\000a\000y\000e\000r\000\040\0001\000:\000\040\000C\000r\000o\000s\000s\000-\000S\000e\000c\000t\000i\000o\000n\000a\000l\000\040\000L\000S\000\040\000M\000o\000m\000e\000n\000t\000u\000m}{section.3}% 9
\BOOKMARK [2][-]{subsection.3.3}{\376\377\000L\000a\000y\000e\000r\000\040\0002\000:\000\040\000R\000e\000g\000i\000m\000e\000\040\000D\000e\000t\000e\000c\000t\000i\000o\000n}{section.3}% 10
\BOOKMARK [2][-]{subsection.3.4}{\376\377\000L\000a\000y\000e\000r\000\040\0003\000:\000\040\000C\000r\000y\000p\000t\000o\000\040\000Q\000u\000a\000l\000i\000t\000y\000\040\000G\000a\000t\000e\000s}{section.3}% 11
\BOOKMARK [2][-]{subsection.3.5}{\376\377\000P\000o\000s\000i\000t\000i\000o\000n\000\040\000S\000i\000z\000i\000n\000g}{section.3}% 12
\BOOKMARK [2][-]{subsection.3.6}{\376\377\000W\000a\000l\000k\000-\000F\000o\000r\000w\000a\000r\000d\000\040\000E\000v\000a\000l\000u\000a\000t\000i\000o\000n}{section.3}% 13
\BOOKMARK [2][-]{subsection.3.7}{\376\377\000L\000e\000a\000k\000\040\000P\000r\000e\000v\000e\000n\000t\000i\000o\000n}{section.3}% 14
\BOOKMARK [1][-]{section.4}{\376\377\000I\000n\000-\000S\000a\000m\000p\000l\000e\000\040\000R\000e\000s\000u\000l\000t\000s\000\040\000\050\0002\0000\0002\0001\040\023\0002\0000\0002\0004\000\051}{}% 15
\BOOKMARK [1][-]{section.5}{\376\377\000O\000u\000t\000-\000o\000f\000-\000S\000a\000m\000p\000l\000e\000\040\000V\000a\000l\000i\000d\000a\000t\000i\000o\000n\000\040\000\050\0002\0000\0002\0005\000\051}{}% 16
\BOOKMARK [1][-]{section.6}{\376\377\000R\000o\000b\000u\000s\000t\000n\000e\000s\000s\000\040\000a\000n\000d\000\040\000S\000t\000a\000t\000i\000s\000t\000i\000c\000a\000l\000\040\000T\000e\000s\000t\000s}{}% 17
\BOOKMARK [1][-]{section.7}{\376\377\000D\000i\000s\000c\000u\000s\000s\000i\000o\000n}{}% 18
\BOOKMARK [2][-]{subsection.7.1}{\376\377\000S\000o\000u\000r\000c\000e\000\040\000o\000f\000\040\000R\000e\000t\000u\000r\000n\000s}{section.7}% 19
\BOOKMARK [2][-]{subsection.7.2}{\376\377\000T\000h\000e\000\040\000L\000e\000v\000e\000r\000a\000g\000e\000\040\000I\000l\000l\000u\000s\000i\000o\000n}{section.7}% 20
\BOOKMARK [2][-]{subsection.7.3}{\376\377\000P\000r\000a\000c\000t\000i\000c\000a\000l\000\040\000C\000o\000n\000s\000t\000r\000a\000i\000n\000t\000s}{section.7}% 21
\BOOKMARK [2][-]{subsection.7.4}{\376\377\000S\000t\000r\000u\000c\000t\000u\000r\000a\000l\000\040\000W\000e\000a\000k\000n\000e\000s\000s}{section.7}% 22
\BOOKMARK [1][-]{section.8}{\376\377\000C\000o\000n\000c\000l\000u\000s\000i\000o\000n}{}% 23
\BOOKMARK [1][-]{appendix.A}{\376\377\0004\0005\000-\000F\000o\000l\000d\000\040\000W\000a\000l\000k\000-\000F\000o\000r\000w\000a\000r\000d\000\040\000D\000e\000t\000a\000i\000l\000e\000d\000\040\000R\000e\000s\000u\000l\000t\000s}{}% 24
